{"/home/nabcellent/Desktop/Sidooh/Libraries/wavesms/src/client.ts": {"path":"/home/nabcellent/Desktop/Sidooh/Libraries/wavesms/src/client.ts","all":false,"statementMap":{"0":{"start":{"line":1,"column":0},"end":{"line":1,"column":40}},"1":{"start":{"line":2,"column":0},"end":{"line":2,"column":41}},"2":{"start":{"line":3,"column":0},"end":{"line":3,"column":37}},"3":{"start":{"line":4,"column":0},"end":{"line":4,"column":49}},"4":{"start":{"line":5,"column":0},"end":{"line":5,"column":42}},"5":{"start":{"line":6,"column":0},"end":{"line":6,"column":60}},"6":{"start":{"line":7,"column":0},"end":{"line":7,"column":64}},"7":{"start":{"line":8,"column":0},"end":{"line":8,"column":59}},"8":{"start":{"line":9,"column":0},"end":{"line":9,"column":63}},"9":{"start":{"line":10,"column":0},"end":{"line":10,"column":0}},"10":{"start":{"line":11,"column":0},"end":{"line":11,"column":95}},"11":{"start":{"line":12,"column":0},"end":{"line":12,"column":0}},"12":{"start":{"line":13,"column":0},"end":{"line":13,"column":22}},"13":{"start":{"line":14,"column":0},"end":{"line":14,"column":25}},"14":{"start":{"line":15,"column":0},"end":{"line":15,"column":28}},"15":{"start":{"line":16,"column":0},"end":{"line":16,"column":40}},"16":{"start":{"line":17,"column":0},"end":{"line":17,"column":0}},"17":{"start":{"line":18,"column":0},"end":{"line":18,"column":40}},"18":{"start":{"line":19,"column":0},"end":{"line":19,"column":28}},"19":{"start":{"line":20,"column":0},"end":{"line":20,"column":79}},"20":{"start":{"line":21,"column":0},"end":{"line":21,"column":5}},"21":{"start":{"line":22,"column":0},"end":{"line":22,"column":0}},"22":{"start":{"line":23,"column":0},"end":{"line":23,"column":120}},"23":{"start":{"line":24,"column":0},"end":{"line":24,"column":71}},"24":{"start":{"line":25,"column":0},"end":{"line":25,"column":0}},"25":{"start":{"line":26,"column":0},"end":{"line":26,"column":35}},"26":{"start":{"line":27,"column":0},"end":{"line":27,"column":41}},"27":{"start":{"line":28,"column":0},"end":{"line":28,"column":22}},"28":{"start":{"line":29,"column":0},"end":{"line":29,"column":43}},"29":{"start":{"line":30,"column":0},"end":{"line":30,"column":47}},"30":{"start":{"line":31,"column":0},"end":{"line":31,"column":13}},"31":{"start":{"line":32,"column":0},"end":{"line":32,"column":11}},"32":{"start":{"line":33,"column":0},"end":{"line":33,"column":0}},"33":{"start":{"line":34,"column":0},"end":{"line":34,"column":76}},"34":{"start":{"line":35,"column":0},"end":{"line":35,"column":41}},"35":{"start":{"line":36,"column":0},"end":{"line":36,"column":49}},"36":{"start":{"line":37,"column":0},"end":{"line":37,"column":67}},"37":{"start":{"line":38,"column":0},"end":{"line":38,"column":17}},"38":{"start":{"line":39,"column":0},"end":{"line":39,"column":49}},"39":{"start":{"line":40,"column":0},"end":{"line":40,"column":87}},"40":{"start":{"line":41,"column":0},"end":{"line":41,"column":17}},"41":{"start":{"line":42,"column":0},"end":{"line":42,"column":49}},"42":{"start":{"line":43,"column":0},"end":{"line":43,"column":45}},"43":{"start":{"line":44,"column":0},"end":{"line":44,"column":17}},"44":{"start":{"line":45,"column":0},"end":{"line":45,"column":13}},"45":{"start":{"line":46,"column":0},"end":{"line":46,"column":0}},"46":{"start":{"line":47,"column":0},"end":{"line":47,"column":74}},"47":{"start":{"line":48,"column":0},"end":{"line":48,"column":10}},"48":{"start":{"line":49,"column":0},"end":{"line":49,"column":5}},"49":{"start":{"line":50,"column":0},"end":{"line":50,"column":1}}},"s":{"0":1,"1":1,"2":1,"3":1,"4":1,"5":1,"6":1,"7":1,"8":1,"9":1,"10":1,"11":1,"12":1,"13":1,"14":1,"15":1,"16":1,"17":1,"18":8,"19":8,"20":8,"21":1,"22":1,"23":3,"24":3,"25":3,"26":3,"27":3,"28":3,"29":3,"30":3,"31":3,"32":3,"33":3,"34":2,"35":0,"36":0,"37":0,"38":0,"39":0,"40":0,"41":0,"42":0,"43":0,"44":0,"45":2,"46":2,"47":3,"48":3,"49":8},"branchMap":{"0":{"type":"branch","line":18,"loc":{"start":{"line":18,"column":4},"end":{"line":21,"column":5}},"locations":[{"start":{"line":18,"column":4},"end":{"line":21,"column":5}}]},"1":{"type":"branch","line":23,"loc":{"start":{"line":23,"column":18},"end":{"line":49,"column":5}},"locations":[{"start":{"line":23,"column":18},"end":{"line":49,"column":5}}]},"2":{"type":"branch","line":34,"loc":{"start":{"line":34,"column":44},"end":{"line":34,"column":62}},"locations":[{"start":{"line":34,"column":44},"end":{"line":34,"column":62}}]},"3":{"type":"branch","line":34,"loc":{"start":{"line":34,"column":70},"end":{"line":48,"column":9}},"locations":[{"start":{"line":34,"column":70},"end":{"line":48,"column":9}}]},"4":{"type":"branch","line":35,"loc":{"start":{"line":35,"column":40},"end":{"line":45,"column":13}},"locations":[{"start":{"line":35,"column":40},"end":{"line":45,"column":13}}]},"5":{"type":"branch","line":47,"loc":{"start":{"line":47,"column":40},"end":{"line":47,"column":73}},"locations":[{"start":{"line":47,"column":40},"end":{"line":47,"column":73}}]},"6":{"type":"branch","line":50,"loc":{"start":{"line":50,"column":0},"end":{"line":50,"column":1}},"locations":[{"start":{"line":50,"column":0},"end":{"line":50,"column":1}}]}},"b":{"0":[8],"1":[3],"2":[1],"3":[2],"4":[0],"5":[0],"6":[8]},"fnMap":{"0":{"name":"WaveSMS","decl":{"start":{"line":18,"column":4},"end":{"line":21,"column":5}},"loc":{"start":{"line":18,"column":4},"end":{"line":21,"column":5}},"line":18},"1":{"name":"WaveSMS.makeRequest","decl":{"start":{"line":23,"column":18},"end":{"line":49,"column":5}},"loc":{"start":{"line":23,"column":18},"end":{"line":49,"column":5}},"line":23},"2":{"name":"get","decl":{"start":{"line":50,"column":0},"end":{"line":50,"column":1}},"loc":{"start":{"line":50,"column":0},"end":{"line":50,"column":1}},"line":50}},"f":{"0":8,"1":3,"2":8}}
,"/home/nabcellent/Desktop/Sidooh/Libraries/wavesms/src/index.ts": {"path":"/home/nabcellent/Desktop/Sidooh/Libraries/wavesms/src/index.ts","all":false,"statementMap":{"0":{"start":{"line":1,"column":0},"end":{"line":1,"column":24}},"1":{"start":{"line":2,"column":0},"end":{"line":2,"column":23}}},"s":{"0":1,"1":1},"branchMap":{},"b":{},"fnMap":{},"f":{}}
,"/home/nabcellent/Desktop/Sidooh/Libraries/wavesms/src/exceptions/bad-request.err.ts": {"path":"/home/nabcellent/Desktop/Sidooh/Libraries/wavesms/src/exceptions/bad-request.err.ts","all":false,"statementMap":{"0":{"start":{"line":1,"column":0},"end":{"line":1,"column":43}},"1":{"start":{"line":2,"column":0},"end":{"line":2,"column":0}},"2":{"start":{"line":3,"column":0},"end":{"line":3,"column":50}},"3":{"start":{"line":4,"column":0},"end":{"line":4,"column":21}},"4":{"start":{"line":5,"column":0},"end":{"line":5,"column":0}},"5":{"start":{"line":6,"column":0},"end":{"line":6,"column":33}},"6":{"start":{"line":7,"column":0},"end":{"line":7,"column":23}},"7":{"start":{"line":8,"column":0},"end":{"line":8,"column":0}},"8":{"start":{"line":9,"column":0},"end":{"line":9,"column":62}},"9":{"start":{"line":10,"column":0},"end":{"line":10,"column":5}},"10":{"start":{"line":11,"column":0},"end":{"line":11,"column":0}},"11":{"start":{"line":12,"column":0},"end":{"line":12,"column":62}},"12":{"start":{"line":13,"column":0},"end":{"line":13,"column":41}},"13":{"start":{"line":14,"column":0},"end":{"line":14,"column":5}},"14":{"start":{"line":15,"column":0},"end":{"line":15,"column":1}}},"s":{"0":1,"1":1,"2":1,"3":1,"4":1,"5":1,"6":2,"7":2,"8":2,"9":2,"10":1,"11":1,"12":0,"13":0,"14":2},"branchMap":{"0":{"type":"branch","line":6,"loc":{"start":{"line":6,"column":4},"end":{"line":10,"column":5}},"locations":[{"start":{"line":6,"column":4},"end":{"line":10,"column":5}}]},"1":{"type":"branch","line":15,"loc":{"start":{"line":15,"column":0},"end":{"line":15,"column":1}},"locations":[{"start":{"line":15,"column":0},"end":{"line":15,"column":1}}]}},"b":{"0":[2],"1":[2]},"fnMap":{"0":{"name":"BadRequestError","decl":{"start":{"line":6,"column":4},"end":{"line":10,"column":5}},"loc":{"start":{"line":6,"column":4},"end":{"line":10,"column":5}},"line":6},"1":{"name":"serializeErrors","decl":{"start":{"line":12,"column":4},"end":{"line":14,"column":5}},"loc":{"start":{"line":12,"column":4},"end":{"line":14,"column":5}},"line":12},"2":{"name":"get","decl":{"start":{"line":15,"column":0},"end":{"line":15,"column":1}},"loc":{"start":{"line":15,"column":0},"end":{"line":15,"column":1}},"line":15}},"f":{"0":2,"1":0,"2":2}}
,"/home/nabcellent/Desktop/Sidooh/Libraries/wavesms/src/exceptions/custom.err.ts": {"path":"/home/nabcellent/Desktop/Sidooh/Libraries/wavesms/src/exceptions/custom.err.ts","all":false,"statementMap":{"0":{"start":{"line":1,"column":0},"end":{"line":1,"column":49}},"1":{"start":{"line":2,"column":0},"end":{"line":2,"column":31}},"2":{"start":{"line":3,"column":0},"end":{"line":3,"column":0}},"3":{"start":{"line":4,"column":0},"end":{"line":4,"column":33}},"4":{"start":{"line":5,"column":0},"end":{"line":5,"column":23}},"5":{"start":{"line":6,"column":0},"end":{"line":6,"column":0}},"6":{"start":{"line":7,"column":0},"end":{"line":7,"column":58}},"7":{"start":{"line":8,"column":0},"end":{"line":8,"column":5}},"8":{"start":{"line":9,"column":0},"end":{"line":9,"column":0}},"9":{"start":{"line":10,"column":0},"end":{"line":10,"column":70}},"10":{"start":{"line":11,"column":0},"end":{"line":11,"column":1}}},"s":{"0":1,"1":1,"2":1,"3":1,"4":10,"5":10,"6":10,"7":10,"8":1,"9":1,"10":12},"branchMap":{"0":{"type":"branch","line":4,"loc":{"start":{"line":4,"column":4},"end":{"line":8,"column":5}},"locations":[{"start":{"line":4,"column":4},"end":{"line":8,"column":5}}]},"1":{"type":"branch","line":11,"loc":{"start":{"line":11,"column":0},"end":{"line":11,"column":1}},"locations":[{"start":{"line":11,"column":0},"end":{"line":11,"column":1}}]}},"b":{"0":[10],"1":[12]},"fnMap":{"0":{"name":"CustomError","decl":{"start":{"line":4,"column":4},"end":{"line":8,"column":5}},"loc":{"start":{"line":4,"column":4},"end":{"line":8,"column":5}},"line":4},"1":{"name":"get","decl":{"start":{"line":11,"column":0},"end":{"line":11,"column":1}},"loc":{"start":{"line":11,"column":0},"end":{"line":11,"column":1}},"line":11}},"f":{"0":10,"1":12}}
,"/home/nabcellent/Desktop/Sidooh/Libraries/wavesms/src/exceptions/not-found.err.ts": {"path":"/home/nabcellent/Desktop/Sidooh/Libraries/wavesms/src/exceptions/not-found.err.ts","all":false,"statementMap":{"0":{"start":{"line":1,"column":0},"end":{"line":1,"column":43}},"1":{"start":{"line":2,"column":0},"end":{"line":2,"column":0}},"2":{"start":{"line":3,"column":0},"end":{"line":3,"column":48}},"3":{"start":{"line":4,"column":0},"end":{"line":4,"column":21}},"4":{"start":{"line":5,"column":0},"end":{"line":5,"column":0}},"5":{"start":{"line":6,"column":0},"end":{"line":6,"column":48}},"6":{"start":{"line":7,"column":0},"end":{"line":7,"column":23}},"7":{"start":{"line":8,"column":0},"end":{"line":8,"column":0}},"8":{"start":{"line":9,"column":0},"end":{"line":9,"column":60}},"9":{"start":{"line":10,"column":0},"end":{"line":10,"column":5}},"10":{"start":{"line":11,"column":0},"end":{"line":11,"column":0}},"11":{"start":{"line":12,"column":0},"end":{"line":12,"column":62}},"12":{"start":{"line":13,"column":0},"end":{"line":13,"column":43}},"13":{"start":{"line":14,"column":0},"end":{"line":14,"column":5}},"14":{"start":{"line":15,"column":0},"end":{"line":15,"column":1}}},"s":{"0":1,"1":1,"2":1,"3":1,"4":1,"5":1,"6":1,"7":1,"8":1,"9":1,"10":1,"11":1,"12":0,"13":0,"14":1},"branchMap":{"0":{"type":"branch","line":6,"loc":{"start":{"line":6,"column":4},"end":{"line":10,"column":5}},"locations":[{"start":{"line":6,"column":4},"end":{"line":10,"column":5}}]},"1":{"type":"branch","line":15,"loc":{"start":{"line":15,"column":0},"end":{"line":15,"column":1}},"locations":[{"start":{"line":15,"column":0},"end":{"line":15,"column":1}}]}},"b":{"0":[1],"1":[1]},"fnMap":{"0":{"name":"NotFoundError","decl":{"start":{"line":6,"column":4},"end":{"line":10,"column":5}},"loc":{"start":{"line":6,"column":4},"end":{"line":10,"column":5}},"line":6},"1":{"name":"serializeErrors","decl":{"start":{"line":12,"column":4},"end":{"line":14,"column":5}},"loc":{"start":{"line":12,"column":4},"end":{"line":14,"column":5}},"line":12},"2":{"name":"get","decl":{"start":{"line":15,"column":0},"end":{"line":15,"column":1}},"loc":{"start":{"line":15,"column":0},"end":{"line":15,"column":1}},"line":15}},"f":{"0":1,"1":0,"2":1}}
,"/home/nabcellent/Desktop/Sidooh/Libraries/wavesms/src/exceptions/unauthorized.err.ts": {"path":"/home/nabcellent/Desktop/Sidooh/Libraries/wavesms/src/exceptions/unauthorized.err.ts","all":false,"statementMap":{"0":{"start":{"line":1,"column":0},"end":{"line":1,"column":43}},"1":{"start":{"line":2,"column":0},"end":{"line":2,"column":0}},"2":{"start":{"line":3,"column":0},"end":{"line":3,"column":50}},"3":{"start":{"line":4,"column":0},"end":{"line":4,"column":21}},"4":{"start":{"line":5,"column":0},"end":{"line":5,"column":0}},"5":{"start":{"line":6,"column":0},"end":{"line":6,"column":52}},"6":{"start":{"line":7,"column":0},"end":{"line":7,"column":23}},"7":{"start":{"line":8,"column":0},"end":{"line":8,"column":0}},"8":{"start":{"line":9,"column":0},"end":{"line":9,"column":62}},"9":{"start":{"line":10,"column":0},"end":{"line":10,"column":5}},"10":{"start":{"line":11,"column":0},"end":{"line":11,"column":0}},"11":{"start":{"line":12,"column":0},"end":{"line":12,"column":62}},"12":{"start":{"line":13,"column":0},"end":{"line":13,"column":43}},"13":{"start":{"line":14,"column":0},"end":{"line":14,"column":5}},"14":{"start":{"line":15,"column":0},"end":{"line":15,"column":1}}},"s":{"0":1,"1":1,"2":1,"3":1,"4":1,"5":1,"6":1,"7":1,"8":1,"9":1,"10":1,"11":1,"12":0,"13":0,"14":1},"branchMap":{"0":{"type":"branch","line":6,"loc":{"start":{"line":6,"column":4},"end":{"line":10,"column":5}},"locations":[{"start":{"line":6,"column":4},"end":{"line":10,"column":5}}]},"1":{"type":"branch","line":15,"loc":{"start":{"line":15,"column":0},"end":{"line":15,"column":1}},"locations":[{"start":{"line":15,"column":0},"end":{"line":15,"column":1}}]}},"b":{"0":[1],"1":[1]},"fnMap":{"0":{"name":"UnauthorizedErr","decl":{"start":{"line":6,"column":4},"end":{"line":10,"column":5}},"loc":{"start":{"line":6,"column":4},"end":{"line":10,"column":5}},"line":6},"1":{"name":"serializeErrors","decl":{"start":{"line":12,"column":4},"end":{"line":14,"column":5}},"loc":{"start":{"line":12,"column":4},"end":{"line":14,"column":5}},"line":12},"2":{"name":"get","decl":{"start":{"line":15,"column":0},"end":{"line":15,"column":1}},"loc":{"start":{"line":15,"column":0},"end":{"line":15,"column":1}},"line":15}},"f":{"0":1,"1":0,"2":1}}
,"/home/nabcellent/Desktop/Sidooh/Libraries/wavesms/src/exceptions/validation.err.ts": {"path":"/home/nabcellent/Desktop/Sidooh/Libraries/wavesms/src/exceptions/validation.err.ts","all":false,"statementMap":{"0":{"start":{"line":1,"column":0},"end":{"line":1,"column":43}},"1":{"start":{"line":2,"column":0},"end":{"line":2,"column":0}},"2":{"start":{"line":3,"column":0},"end":{"line":3,"column":48}},"3":{"start":{"line":4,"column":0},"end":{"line":4,"column":21}},"4":{"start":{"line":5,"column":0},"end":{"line":5,"column":0}},"5":{"start":{"line":6,"column":0},"end":{"line":6,"column":61}},"6":{"start":{"line":7,"column":0},"end":{"line":7,"column":23}},"7":{"start":{"line":8,"column":0},"end":{"line":8,"column":0}},"8":{"start":{"line":9,"column":0},"end":{"line":9,"column":60}},"9":{"start":{"line":10,"column":0},"end":{"line":10,"column":5}},"10":{"start":{"line":11,"column":0},"end":{"line":11,"column":0}},"11":{"start":{"line":12,"column":0},"end":{"line":12,"column":46}},"12":{"start":{"line":13,"column":0},"end":{"line":13,"column":43}},"13":{"start":{"line":14,"column":0},"end":{"line":14,"column":5}},"14":{"start":{"line":15,"column":0},"end":{"line":15,"column":1}}},"s":{"0":1,"1":1,"2":1,"3":1,"4":1,"5":1,"6":6,"7":6,"8":6,"9":6,"10":1,"11":1,"12":0,"13":0,"14":7},"branchMap":{"0":{"type":"branch","line":6,"loc":{"start":{"line":6,"column":4},"end":{"line":10,"column":5}},"locations":[{"start":{"line":6,"column":4},"end":{"line":10,"column":5}}]},"1":{"type":"branch","line":15,"loc":{"start":{"line":15,"column":0},"end":{"line":15,"column":1}},"locations":[{"start":{"line":15,"column":0},"end":{"line":15,"column":1}}]}},"b":{"0":[6],"1":[7]},"fnMap":{"0":{"name":"ValidationErr","decl":{"start":{"line":6,"column":4},"end":{"line":10,"column":5}},"loc":{"start":{"line":6,"column":4},"end":{"line":10,"column":5}},"line":6},"1":{"name":"serializeErrors","decl":{"start":{"line":12,"column":4},"end":{"line":14,"column":5}},"loc":{"start":{"line":12,"column":4},"end":{"line":14,"column":5}},"line":12},"2":{"name":"get","decl":{"start":{"line":15,"column":0},"end":{"line":15,"column":1}},"loc":{"start":{"line":15,"column":0},"end":{"line":15,"column":1}},"line":15}},"f":{"0":6,"1":0,"2":7}}
,"/home/nabcellent/Desktop/Sidooh/Libraries/wavesms/src/repositories/balance.ts": {"path":"/home/nabcellent/Desktop/Sidooh/Libraries/wavesms/src/repositories/balance.ts","all":false,"statementMap":{"0":{"start":{"line":1,"column":0},"end":{"line":1,"column":36}},"1":{"start":{"line":2,"column":0},"end":{"line":2,"column":0}},"2":{"start":{"line":3,"column":0},"end":{"line":3,"column":22}},"3":{"start":{"line":4,"column":0},"end":{"line":4,"column":20}},"4":{"start":{"line":5,"column":0},"end":{"line":5,"column":0}},"5":{"start":{"line":6,"column":0},"end":{"line":6,"column":34}},"6":{"start":{"line":7,"column":0},"end":{"line":7,"column":30}},"7":{"start":{"line":8,"column":0},"end":{"line":8,"column":5}},"8":{"start":{"line":9,"column":0},"end":{"line":9,"column":0}},"9":{"start":{"line":10,"column":0},"end":{"line":10,"column":26}},"10":{"start":{"line":11,"column":0},"end":{"line":11,"column":52}},"11":{"start":{"line":12,"column":0},"end":{"line":12,"column":48}},"12":{"start":{"line":13,"column":0},"end":{"line":13,"column":51}},"13":{"start":{"line":14,"column":0},"end":{"line":14,"column":56}},"14":{"start":{"line":15,"column":0},"end":{"line":15,"column":13}},"15":{"start":{"line":16,"column":0},"end":{"line":16,"column":11}},"16":{"start":{"line":17,"column":0},"end":{"line":17,"column":0}},"17":{"start":{"line":18,"column":0},"end":{"line":18,"column":33}},"18":{"start":{"line":19,"column":0},"end":{"line":19,"column":5}},"19":{"start":{"line":20,"column":0},"end":{"line":20,"column":1}}},"s":{"0":1,"1":1,"2":1,"3":8,"4":8,"5":8,"6":8,"7":8,"8":8,"9":8,"10":4,"11":4,"12":4,"13":4,"14":4,"15":4,"16":2,"17":2,"18":4,"19":8},"branchMap":{"0":{"type":"branch","line":3,"loc":{"start":{"line":3,"column":21},"end":{"line":20,"column":1}},"locations":[{"start":{"line":3,"column":21},"end":{"line":20,"column":1}}]},"1":{"type":"branch","line":6,"loc":{"start":{"line":6,"column":4},"end":{"line":8,"column":5}},"locations":[{"start":{"line":6,"column":4},"end":{"line":8,"column":5}}]},"2":{"type":"branch","line":10,"loc":{"start":{"line":10,"column":4},"end":{"line":19,"column":5}},"locations":[{"start":{"line":10,"column":4},"end":{"line":19,"column":5}}]},"3":{"type":"branch","line":16,"loc":{"start":{"line":16,"column":9},"end":{"line":18,"column":33}},"locations":[{"start":{"line":16,"column":9},"end":{"line":18,"column":33}}]},"4":{"type":"branch","line":20,"loc":{"start":{"line":20,"column":0},"end":{"line":20,"column":1}},"locations":[{"start":{"line":20,"column":0},"end":{"line":20,"column":1}}]}},"b":{"0":[8],"1":[8],"2":[4],"3":[2],"4":[8]},"fnMap":{"0":{"name":"<instance_members_initializer>","decl":{"start":{"line":3,"column":21},"end":{"line":20,"column":1}},"loc":{"start":{"line":3,"column":21},"end":{"line":20,"column":1}},"line":3},"1":{"name":"Balance","decl":{"start":{"line":6,"column":4},"end":{"line":8,"column":5}},"loc":{"start":{"line":6,"column":4},"end":{"line":8,"column":5}},"line":6},"2":{"name":"fetch","decl":{"start":{"line":10,"column":4},"end":{"line":19,"column":5}},"loc":{"start":{"line":10,"column":4},"end":{"line":19,"column":5}},"line":10},"3":{"name":"get","decl":{"start":{"line":20,"column":0},"end":{"line":20,"column":1}},"loc":{"start":{"line":20,"column":0},"end":{"line":20,"column":1}},"line":20}},"f":{"0":8,"1":8,"2":4,"3":8}}
,"/home/nabcellent/Desktop/Sidooh/Libraries/wavesms/src/repositories/sms.ts": {"path":"/home/nabcellent/Desktop/Sidooh/Libraries/wavesms/src/repositories/sms.ts","all":false,"statementMap":{"0":{"start":{"line":1,"column":0},"end":{"line":1,"column":36}},"1":{"start":{"line":2,"column":0},"end":{"line":2,"column":61}},"2":{"start":{"line":3,"column":0},"end":{"line":3,"column":128}},"3":{"start":{"line":4,"column":0},"end":{"line":4,"column":55}},"4":{"start":{"line":5,"column":0},"end":{"line":5,"column":40}},"5":{"start":{"line":6,"column":0},"end":{"line":6,"column":0}},"6":{"start":{"line":7,"column":0},"end":{"line":7,"column":18}},"7":{"start":{"line":8,"column":0},"end":{"line":8,"column":20}},"8":{"start":{"line":9,"column":0},"end":{"line":9,"column":26}},"9":{"start":{"line":10,"column":0},"end":{"line":10,"column":38}},"10":{"start":{"line":11,"column":0},"end":{"line":11,"column":0}},"11":{"start":{"line":12,"column":0},"end":{"line":12,"column":34}},"12":{"start":{"line":13,"column":0},"end":{"line":13,"column":30}},"13":{"start":{"line":14,"column":0},"end":{"line":14,"column":5}},"14":{"start":{"line":15,"column":0},"end":{"line":15,"column":0}},"15":{"start":{"line":16,"column":0},"end":{"line":16,"column":34}},"16":{"start":{"line":17,"column":0},"end":{"line":17,"column":32}},"17":{"start":{"line":18,"column":0},"end":{"line":18,"column":20}},"18":{"start":{"line":19,"column":0},"end":{"line":19,"column":5}},"19":{"start":{"line":20,"column":0},"end":{"line":20,"column":0}},"20":{"start":{"line":21,"column":0},"end":{"line":21,"column":58}},"21":{"start":{"line":22,"column":0},"end":{"line":22,"column":52}},"22":{"start":{"line":23,"column":0},"end":{"line":23,"column":0}},"23":{"start":{"line":24,"column":0},"end":{"line":24,"column":20}},"24":{"start":{"line":25,"column":0},"end":{"line":25,"column":5}},"25":{"start":{"line":26,"column":0},"end":{"line":26,"column":0}},"26":{"start":{"line":27,"column":0},"end":{"line":27,"column":76}},"27":{"start":{"line":28,"column":0},"end":{"line":28,"column":80}},"28":{"start":{"line":29,"column":0},"end":{"line":29,"column":90}},"29":{"start":{"line":30,"column":0},"end":{"line":30,"column":0}},"30":{"start":{"line":31,"column":0},"end":{"line":31,"column":56}},"31":{"start":{"line":32,"column":0},"end":{"line":32,"column":59}},"32":{"start":{"line":33,"column":0},"end":{"line":33,"column":86}},"33":{"start":{"line":34,"column":0},"end":{"line":34,"column":13}},"34":{"start":{"line":35,"column":0},"end":{"line":35,"column":0}},"35":{"start":{"line":36,"column":0},"end":{"line":36,"column":39}},"36":{"start":{"line":37,"column":0},"end":{"line":37,"column":51}},"37":{"start":{"line":38,"column":0},"end":{"line":38,"column":57}},"38":{"start":{"line":39,"column":0},"end":{"line":39,"column":35}},"39":{"start":{"line":40,"column":0},"end":{"line":40,"column":31}},"40":{"start":{"line":41,"column":0},"end":{"line":41,"column":30}},"41":{"start":{"line":42,"column":0},"end":{"line":42,"column":39}},"42":{"start":{"line":43,"column":0},"end":{"line":43,"column":56}},"43":{"start":{"line":44,"column":0},"end":{"line":44,"column":13}},"44":{"start":{"line":45,"column":0},"end":{"line":45,"column":0}},"45":{"start":{"line":46,"column":0},"end":{"line":46,"column":27}},"46":{"start":{"line":47,"column":0},"end":{"line":47,"column":43}},"47":{"start":{"line":48,"column":0},"end":{"line":48,"column":0}},"48":{"start":{"line":49,"column":0},"end":{"line":49,"column":42}},"49":{"start":{"line":50,"column":0},"end":{"line":50,"column":89}},"50":{"start":{"line":51,"column":0},"end":{"line":51,"column":17}},"51":{"start":{"line":52,"column":0},"end":{"line":52,"column":0}},"52":{"start":{"line":53,"column":0},"end":{"line":53,"column":48}},"53":{"start":{"line":54,"column":0},"end":{"line":54,"column":13}},"54":{"start":{"line":55,"column":0},"end":{"line":55,"column":0}},"55":{"start":{"line":56,"column":0},"end":{"line":56,"column":22}},"56":{"start":{"line":57,"column":0},"end":{"line":57,"column":10}},"57":{"start":{"line":58,"column":0},"end":{"line":58,"column":0}},"58":{"start":{"line":59,"column":0},"end":{"line":59,"column":60}},"59":{"start":{"line":60,"column":0},"end":{"line":60,"column":46}},"60":{"start":{"line":61,"column":0},"end":{"line":61,"column":38}},"61":{"start":{"line":62,"column":0},"end":{"line":62,"column":32}},"62":{"start":{"line":63,"column":0},"end":{"line":63,"column":13}},"63":{"start":{"line":64,"column":0},"end":{"line":64,"column":11}},"64":{"start":{"line":65,"column":0},"end":{"line":65,"column":0}},"65":{"start":{"line":66,"column":0},"end":{"line":66,"column":87}},"66":{"start":{"line":67,"column":0},"end":{"line":67,"column":37}},"67":{"start":{"line":68,"column":0},"end":{"line":68,"column":51}},"68":{"start":{"line":69,"column":0},"end":{"line":69,"column":44}},"69":{"start":{"line":70,"column":0},"end":{"line":70,"column":13}},"70":{"start":{"line":71,"column":0},"end":{"line":71,"column":37}},"71":{"start":{"line":72,"column":0},"end":{"line":72,"column":51}},"72":{"start":{"line":73,"column":0},"end":{"line":73,"column":32}},"73":{"start":{"line":74,"column":0},"end":{"line":74,"column":39}},"74":{"start":{"line":75,"column":0},"end":{"line":75,"column":44}},"75":{"start":{"line":76,"column":0},"end":{"line":76,"column":38}},"76":{"start":{"line":77,"column":0},"end":{"line":77,"column":31}},"77":{"start":{"line":78,"column":0},"end":{"line":78,"column":5}},"78":{"start":{"line":79,"column":0},"end":{"line":79,"column":0}},"79":{"start":{"line":80,"column":0},"end":{"line":80,"column":95}},"80":{"start":{"line":81,"column":0},"end":{"line":81,"column":74}},"81":{"start":{"line":82,"column":0},"end":{"line":82,"column":0}},"82":{"start":{"line":83,"column":0},"end":{"line":83,"column":77}},"83":{"start":{"line":84,"column":0},"end":{"line":84,"column":44}},"84":{"start":{"line":85,"column":0},"end":{"line":85,"column":51}},"85":{"start":{"line":86,"column":0},"end":{"line":86,"column":57}},"86":{"start":{"line":87,"column":0},"end":{"line":87,"column":36}},"87":{"start":{"line":88,"column":0},"end":{"line":88,"column":13}},"88":{"start":{"line":89,"column":0},"end":{"line":89,"column":10}},"89":{"start":{"line":90,"column":0},"end":{"line":90,"column":0}},"90":{"start":{"line":91,"column":0},"end":{"line":91,"column":16}},"91":{"start":{"line":92,"column":0},"end":{"line":92,"column":39}},"92":{"start":{"line":93,"column":0},"end":{"line":93,"column":42}},"93":{"start":{"line":94,"column":0},"end":{"line":94,"column":53}},"94":{"start":{"line":95,"column":0},"end":{"line":95,"column":52}},"95":{"start":{"line":96,"column":0},"end":{"line":96,"column":62}},"96":{"start":{"line":97,"column":0},"end":{"line":97,"column":46}},"97":{"start":{"line":98,"column":0},"end":{"line":98,"column":59}},"98":{"start":{"line":99,"column":0},"end":{"line":99,"column":47}},"99":{"start":{"line":100,"column":0},"end":{"line":100,"column":9}},"100":{"start":{"line":101,"column":0},"end":{"line":101,"column":5}},"101":{"start":{"line":102,"column":0},"end":{"line":102,"column":1}}},"s":{"0":1,"1":1,"2":1,"3":1,"4":1,"5":1,"6":1,"7":8,"8":8,"9":8,"10":8,"11":8,"12":8,"13":8,"14":8,"15":8,"16":7,"17":7,"18":7,"19":8,"20":8,"21":7,"22":7,"23":7,"24":7,"25":8,"26":8,"27":8,"28":8,"29":5,"30":5,"31":5,"32":2,"33":2,"34":3,"35":3,"36":3,"37":3,"38":3,"39":3,"40":3,"41":3,"42":3,"43":3,"44":3,"45":5,"46":2,"47":2,"48":2,"49":1,"50":1,"51":1,"52":1,"53":1,"54":2,"55":2,"56":5,"57":5,"58":5,"59":5,"60":5,"61":5,"62":5,"63":5,"64":2,"65":2,"66":0,"67":0,"68":0,"69":2,"70":2,"71":2,"72":2,"73":2,"74":2,"75":2,"76":2,"77":8,"78":8,"79":8,"80":0,"81":0,"82":0,"83":0,"84":0,"85":0,"86":0,"87":0,"88":0,"89":0,"90":0,"91":0,"92":0,"93":0,"94":0,"95":0,"96":0,"97":0,"98":0,"99":0,"100":0,"101":8},"branchMap":{"0":{"type":"branch","line":7,"loc":{"start":{"line":7,"column":7},"end":{"line":102,"column":1}},"locations":[{"start":{"line":7,"column":7},"end":{"line":102,"column":1}}]},"1":{"type":"branch","line":12,"loc":{"start":{"line":12,"column":4},"end":{"line":14,"column":5}},"locations":[{"start":{"line":12,"column":4},"end":{"line":14,"column":5}}]},"2":{"type":"branch","line":27,"loc":{"start":{"line":27,"column":11},"end":{"line":78,"column":5}},"locations":[{"start":{"line":27,"column":11},"end":{"line":78,"column":5}}]},"3":{"type":"branch","line":28,"loc":{"start":{"line":28,"column":28},"end":{"line":28,"column":80}},"locations":[{"start":{"line":28,"column":28},"end":{"line":28,"column":80}}]},"4":{"type":"branch","line":28,"loc":{"start":{"line":28,"column":79},"end":{"line":29,"column":44}},"locations":[{"start":{"line":28,"column":79},"end":{"line":29,"column":44}}]},"5":{"type":"branch","line":29,"loc":{"start":{"line":29,"column":38},"end":{"line":29,"column":90}},"locations":[{"start":{"line":29,"column":38},"end":{"line":29,"column":90}}]},"6":{"type":"branch","line":29,"loc":{"start":{"line":29,"column":89},"end":{"line":64,"column":11}},"locations":[{"start":{"line":29,"column":89},"end":{"line":64,"column":11}}]},"7":{"type":"branch","line":64,"loc":{"start":{"line":64,"column":9},"end":{"line":77,"column":31}},"locations":[{"start":{"line":64,"column":9},"end":{"line":77,"column":31}}]},"8":{"type":"branch","line":31,"loc":{"start":{"line":31,"column":41},"end":{"line":57,"column":9}},"locations":[{"start":{"line":31,"column":41},"end":{"line":57,"column":9}}]},"9":{"type":"branch","line":32,"loc":{"start":{"line":32,"column":58},"end":{"line":34,"column":13}},"locations":[{"start":{"line":32,"column":58},"end":{"line":34,"column":13}}]},"10":{"type":"branch","line":34,"loc":{"start":{"line":34,"column":12},"end":{"line":46,"column":26}},"locations":[{"start":{"line":34,"column":12},"end":{"line":46,"column":26}}]},"11":{"type":"branch","line":46,"loc":{"start":{"line":46,"column":26},"end":{"line":56,"column":22}},"locations":[{"start":{"line":46,"column":26},"end":{"line":56,"column":22}}]},"12":{"type":"branch","line":49,"loc":{"start":{"line":49,"column":41},"end":{"line":54,"column":13}},"locations":[{"start":{"line":49,"column":41},"end":{"line":54,"column":13}}]},"13":{"type":"branch","line":66,"loc":{"start":{"line":66,"column":29},"end":{"line":77,"column":9}},"locations":[{"start":{"line":66,"column":29},"end":{"line":77,"column":9}}]},"14":{"type":"branch","line":66,"loc":{"start":{"line":66,"column":79},"end":{"line":70,"column":12}},"locations":[{"start":{"line":66,"column":79},"end":{"line":70,"column":12}}]},"15":{"type":"branch","line":16,"loc":{"start":{"line":16,"column":11},"end":{"line":19,"column":5}},"locations":[{"start":{"line":16,"column":11},"end":{"line":19,"column":5}}]},"16":{"type":"branch","line":21,"loc":{"start":{"line":21,"column":11},"end":{"line":25,"column":5}},"locations":[{"start":{"line":21,"column":11},"end":{"line":25,"column":5}}]},"17":{"type":"branch","line":22,"loc":{"start":{"line":22,"column":39},"end":{"line":22,"column":48}},"locations":[{"start":{"line":22,"column":39},"end":{"line":22,"column":48}}]},"18":{"type":"branch","line":22,"loc":{"start":{"line":22,"column":43},"end":{"line":22,"column":52}},"locations":[{"start":{"line":22,"column":43},"end":{"line":22,"column":52}}]},"19":{"type":"branch","line":102,"loc":{"start":{"line":102,"column":0},"end":{"line":102,"column":1}},"locations":[{"start":{"line":102,"column":0},"end":{"line":102,"column":1}}]}},"b":{"0":[8],"1":[8],"2":[8],"3":[2],"4":[6],"5":[1],"6":[5],"7":[2],"8":[5],"9":[2],"10":[3],"11":[2],"12":[1],"13":[2],"14":[0],"15":[7],"16":[7],"17":[1],"18":[6],"19":[8]},"fnMap":{"0":{"name":"<instance_members_initializer>","decl":{"start":{"line":7,"column":7},"end":{"line":102,"column":1}},"loc":{"start":{"line":7,"column":7},"end":{"line":102,"column":1}},"line":7},"1":{"name":"Sms","decl":{"start":{"line":12,"column":4},"end":{"line":14,"column":5}},"loc":{"start":{"line":12,"column":4},"end":{"line":14,"column":5}},"line":12},"2":{"name":"Sms.send","decl":{"start":{"line":27,"column":11},"end":{"line":78,"column":5}},"loc":{"start":{"line":27,"column":11},"end":{"line":78,"column":5}},"line":27},"3":{"name":"Sms.getDeliveryReport","decl":{"start":{"line":80,"column":24},"end":{"line":101,"column":5}},"loc":{"start":{"line":80,"column":24},"end":{"line":101,"column":5}},"line":80},"4":{"name":"text","decl":{"start":{"line":16,"column":11},"end":{"line":19,"column":5}},"loc":{"start":{"line":16,"column":11},"end":{"line":19,"column":5}},"line":16},"5":{"name":"to","decl":{"start":{"line":21,"column":11},"end":{"line":25,"column":5}},"loc":{"start":{"line":21,"column":11},"end":{"line":25,"column":5}},"line":21},"6":{"name":"get","decl":{"start":{"line":102,"column":0},"end":{"line":102,"column":1}},"loc":{"start":{"line":102,"column":0},"end":{"line":102,"column":1}},"line":102}},"f":{"0":8,"1":8,"2":8,"3":0,"4":7,"5":7,"6":8}}
,"/home/nabcellent/Desktop/Sidooh/Libraries/wavesms/src/utils/index.ts": {"path":"/home/nabcellent/Desktop/Sidooh/Libraries/wavesms/src/utils/index.ts","all":false,"statementMap":{"0":{"start":{"line":1,"column":0},"end":{"line":1,"column":24}}},"s":{"0":1},"branchMap":{},"b":{},"fnMap":{},"f":{}}
,"/home/nabcellent/Desktop/Sidooh/Libraries/wavesms/src/utils/logger.ts": {"path":"/home/nabcellent/Desktop/Sidooh/Libraries/wavesms/src/utils/logger.ts","all":false,"statementMap":{"0":{"start":{"line":1,"column":0},"end":{"line":1,"column":67}},"1":{"start":{"line":2,"column":0},"end":{"line":2,"column":0}},"2":{"start":{"line":3,"column":0},"end":{"line":3,"column":63}},"3":{"start":{"line":4,"column":0},"end":{"line":4,"column":0}},"4":{"start":{"line":5,"column":0},"end":{"line":5,"column":27}},"5":{"start":{"line":6,"column":0},"end":{"line":6,"column":59}},"6":{"start":{"line":7,"column":0},"end":{"line":7,"column":2}},"7":{"start":{"line":8,"column":0},"end":{"line":8,"column":0}},"8":{"start":{"line":9,"column":0},"end":{"line":9,"column":33}},"9":{"start":{"line":10,"column":0},"end":{"line":10,"column":33}},"10":{"start":{"line":11,"column":0},"end":{"line":11,"column":20}},"11":{"start":{"line":12,"column":0},"end":{"line":12,"column":32}},"12":{"start":{"line":13,"column":0},"end":{"line":13,"column":59}},"13":{"start":{"line":14,"column":0},"end":{"line":14,"column":16}},"14":{"start":{"line":15,"column":0},"end":{"line":15,"column":24}},"15":{"start":{"line":16,"column":0},"end":{"line":16,"column":64}},"16":{"start":{"line":17,"column":0},"end":{"line":17,"column":0}},"17":{"start":{"line":18,"column":0},"end":{"line":18,"column":122}},"18":{"start":{"line":19,"column":0},"end":{"line":19,"column":10}},"19":{"start":{"line":20,"column":0},"end":{"line":20,"column":6}},"20":{"start":{"line":21,"column":0},"end":{"line":21,"column":22}},"21":{"start":{"line":22,"column":0},"end":{"line":22,"column":17}},"22":{"start":{"line":23,"column":0},"end":{"line":23,"column":78}},"23":{"start":{"line":24,"column":0},"end":{"line":24,"column":50}},"24":{"start":{"line":25,"column":0},"end":{"line":25,"column":6}},"25":{"start":{"line":26,"column":0},"end":{"line":26,"column":22}},"26":{"start":{"line":27,"column":0},"end":{"line":27,"column":3}}},"s":{"0":1,"1":1,"2":1,"3":1,"4":1,"5":1,"6":1,"7":1,"8":1,"9":1,"10":1,"11":1,"12":1,"13":1,"14":1,"15":0,"16":0,"17":0,"18":1,"19":1,"20":1,"21":1,"22":1,"23":1,"24":1,"25":1,"26":1},"branchMap":{"0":{"type":"branch","line":27,"loc":{"start":{"line":27,"column":1},"end":{"line":27,"column":3}},"locations":[{"start":{"line":27,"column":1},"end":{"line":27,"column":3}}]}},"b":{"0":[1]},"fnMap":{"0":{"name":"get","decl":{"start":{"line":27,"column":1},"end":{"line":27,"column":3}},"loc":{"start":{"line":27,"column":1},"end":{"line":27,"column":3}},"line":27}},"f":{"0":1}}
,"/home/nabcellent/Desktop/Sidooh/Libraries/wavesms/src/utils/types.ts": {"path":"/home/nabcellent/Desktop/Sidooh/Libraries/wavesms/src/utils/types.ts","all":false,"statementMap":{"0":{"start":{"line":1,"column":0},"end":{"line":1,"column":29}},"1":{"start":{"line":2,"column":0},"end":{"line":2,"column":18}},"2":{"start":{"line":3,"column":0},"end":{"line":3,"column":30}},"3":{"start":{"line":4,"column":0},"end":{"line":4,"column":20}},"4":{"start":{"line":5,"column":0},"end":{"line":5,"column":20}},"5":{"start":{"line":6,"column":0},"end":{"line":6,"column":1}},"6":{"start":{"line":7,"column":0},"end":{"line":7,"column":0}},"7":{"start":{"line":8,"column":0},"end":{"line":8,"column":30}},"8":{"start":{"line":9,"column":0},"end":{"line":9,"column":19}},"9":{"start":{"line":10,"column":0},"end":{"line":10,"column":31}},"10":{"start":{"line":11,"column":0},"end":{"line":11,"column":23}},"11":{"start":{"line":12,"column":0},"end":{"line":12,"column":24}},"12":{"start":{"line":13,"column":0},"end":{"line":13,"column":28}},"13":{"start":{"line":14,"column":0},"end":{"line":14,"column":20}},"14":{"start":{"line":15,"column":0},"end":{"line":15,"column":31}},"15":{"start":{"line":16,"column":0},"end":{"line":16,"column":23}},"16":{"start":{"line":17,"column":0},"end":{"line":17,"column":1}},"17":{"start":{"line":18,"column":0},"end":{"line":18,"column":0}},"18":{"start":{"line":19,"column":0},"end":{"line":19,"column":34}},"19":{"start":{"line":20,"column":0},"end":{"line":20,"column":28}},"20":{"start":{"line":21,"column":0},"end":{"line":21,"column":35}},"21":{"start":{"line":22,"column":0},"end":{"line":22,"column":18}},"22":{"start":{"line":23,"column":0},"end":{"line":23,"column":23}},"23":{"start":{"line":24,"column":0},"end":{"line":24,"column":31}},"24":{"start":{"line":25,"column":0},"end":{"line":25,"column":19}},"25":{"start":{"line":26,"column":0},"end":{"line":26,"column":22}},"26":{"start":{"line":27,"column":0},"end":{"line":27,"column":20}},"27":{"start":{"line":28,"column":0},"end":{"line":28,"column":22}},"28":{"start":{"line":29,"column":0},"end":{"line":29,"column":22}},"29":{"start":{"line":30,"column":0},"end":{"line":30,"column":29}},"30":{"start":{"line":31,"column":0},"end":{"line":31,"column":1}},"31":{"start":{"line":32,"column":0},"end":{"line":32,"column":0}},"32":{"start":{"line":33,"column":0},"end":{"line":33,"column":31}},"33":{"start":{"line":34,"column":0},"end":{"line":34,"column":17}},"34":{"start":{"line":35,"column":0},"end":{"line":35,"column":24}},"35":{"start":{"line":36,"column":0},"end":{"line":36,"column":18}},"36":{"start":{"line":37,"column":0},"end":{"line":37,"column":25}},"37":{"start":{"line":38,"column":0},"end":{"line":38,"column":32}},"38":{"start":{"line":39,"column":0},"end":{"line":39,"column":20}},"39":{"start":{"line":40,"column":0},"end":{"line":40,"column":22}},"40":{"start":{"line":41,"column":0},"end":{"line":41,"column":20}},"41":{"start":{"line":42,"column":0},"end":{"line":42,"column":23}},"42":{"start":{"line":43,"column":0},"end":{"line":43,"column":23}},"43":{"start":{"line":44,"column":0},"end":{"line":44,"column":29}},"44":{"start":{"line":45,"column":0},"end":{"line":45,"column":1}},"45":{"start":{"line":46,"column":0},"end":{"line":46,"column":0}},"46":{"start":{"line":47,"column":0},"end":{"line":47,"column":40}},"47":{"start":{"line":48,"column":0},"end":{"line":48,"column":28}},"48":{"start":{"line":49,"column":0},"end":{"line":49,"column":25}},"49":{"start":{"line":50,"column":0},"end":{"line":50,"column":35}},"50":{"start":{"line":51,"column":0},"end":{"line":51,"column":30}},"51":{"start":{"line":52,"column":0},"end":{"line":52,"column":35}},"52":{"start":{"line":53,"column":0},"end":{"line":53,"column":27}},"53":{"start":{"line":54,"column":0},"end":{"line":54,"column":33}},"54":{"start":{"line":55,"column":0},"end":{"line":55,"column":25}},"55":{"start":{"line":56,"column":0},"end":{"line":56,"column":1}},"56":{"start":{"line":57,"column":0},"end":{"line":57,"column":0}},"57":{"start":{"line":58,"column":0},"end":{"line":58,"column":37}},"58":{"start":{"line":59,"column":0},"end":{"line":59,"column":17}},"59":{"start":{"line":60,"column":0},"end":{"line":60,"column":23}},"60":{"start":{"line":61,"column":0},"end":{"line":61,"column":24}},"61":{"start":{"line":62,"column":0},"end":{"line":62,"column":28}},"62":{"start":{"line":63,"column":0},"end":{"line":63,"column":33}},"63":{"start":{"line":64,"column":0},"end":{"line":64,"column":25}},"64":{"start":{"line":65,"column":0},"end":{"line":65,"column":32}},"65":{"start":{"line":66,"column":0},"end":{"line":66,"column":23}},"66":{"start":{"line":67,"column":0},"end":{"line":67,"column":1}}},"s":{"0":3,"1":3,"2":3,"3":3,"4":3,"5":3,"6":3,"7":3,"8":3,"9":3,"10":3,"11":3,"12":3,"13":3,"14":3,"15":3,"16":3,"17":3,"18":3,"19":3,"20":3,"21":3,"22":3,"23":3,"24":3,"25":3,"26":3,"27":3,"28":3,"29":3,"30":3,"31":3,"32":3,"33":3,"34":3,"35":3,"36":3,"37":3,"38":3,"39":3,"40":3,"41":3,"42":3,"43":3,"44":3,"45":3,"46":3,"47":3,"48":3,"49":3,"50":3,"51":3,"52":3,"53":3,"54":3,"55":3,"56":3,"57":3,"58":3,"59":3,"60":3,"61":3,"62":3,"63":3,"64":3,"65":3,"66":3},"branchMap":{"0":{"type":"branch","line":1,"loc":{"start":{"line":1,"column":0},"end":{"line":67,"column":1}},"locations":[{"start":{"line":1,"column":0},"end":{"line":67,"column":1}}]},"1":{"type":"branch","line":1,"loc":{"start":{"line":1,"column":13},"end":{"line":67,"column":1}},"locations":[{"start":{"line":1,"column":13},"end":{"line":67,"column":1}}]}},"b":{"0":[3],"1":[3]},"fnMap":{},"f":{}}
,"/home/nabcellent/Desktop/Sidooh/Libraries/wavesms/tests/unit/client/client.test.ts": {"path":"/home/nabcellent/Desktop/Sidooh/Libraries/wavesms/tests/unit/client/client.test.ts","all":false,"statementMap":{"0":{"start":{"line":1,"column":0},"end":{"line":1,"column":61}},"1":{"start":{"line":2,"column":0},"end":{"line":2,"column":39}},"2":{"start":{"line":3,"column":0},"end":{"line":3,"column":80}},"3":{"start":{"line":4,"column":0},"end":{"line":4,"column":75}},"4":{"start":{"line":5,"column":0},"end":{"line":5,"column":70}},"5":{"start":{"line":6,"column":0},"end":{"line":6,"column":0}},"6":{"start":{"line":7,"column":0},"end":{"line":7,"column":21}},"7":{"start":{"line":8,"column":0},"end":{"line":8,"column":0}},"8":{"start":{"line":9,"column":0},"end":{"line":9,"column":45}},"9":{"start":{"line":10,"column":0},"end":{"line":10,"column":10}},"10":{"start":{"line":11,"column":0},"end":{"line":11,"column":22}},"11":{"start":{"line":12,"column":0},"end":{"line":12,"column":22}},"12":{"start":{"line":13,"column":0},"end":{"line":13,"column":5}},"13":{"start":{"line":14,"column":0},"end":{"line":14,"column":4}},"14":{"start":{"line":15,"column":0},"end":{"line":15,"column":0}},"15":{"start":{"line":16,"column":0},"end":{"line":16,"column":26}},"16":{"start":{"line":17,"column":0},"end":{"line":17,"column":21}},"17":{"start":{"line":18,"column":0},"end":{"line":18,"column":31}},"18":{"start":{"line":19,"column":0},"end":{"line":19,"column":29}},"19":{"start":{"line":20,"column":0},"end":{"line":20,"column":35}},"20":{"start":{"line":21,"column":0},"end":{"line":21,"column":32}},"21":{"start":{"line":22,"column":0},"end":{"line":22,"column":10}},"22":{"start":{"line":23,"column":0},"end":{"line":23,"column":6}},"23":{"start":{"line":24,"column":0},"end":{"line":24,"column":0}},"24":{"start":{"line":25,"column":0},"end":{"line":25,"column":35}},"25":{"start":{"line":26,"column":0},"end":{"line":26,"column":51}},"26":{"start":{"line":27,"column":0},"end":{"line":27,"column":55}},"27":{"start":{"line":28,"column":0},"end":{"line":28,"column":119}},"28":{"start":{"line":29,"column":0},"end":{"line":29,"column":110}},"29":{"start":{"line":30,"column":0},"end":{"line":30,"column":17}},"30":{"start":{"line":31,"column":0},"end":{"line":31,"column":31}},"31":{"start":{"line":32,"column":0},"end":{"line":32,"column":0}},"32":{"start":{"line":33,"column":0},"end":{"line":33,"column":41}},"33":{"start":{"line":34,"column":0},"end":{"line":34,"column":0}},"34":{"start":{"line":35,"column":0},"end":{"line":35,"column":55}},"35":{"start":{"line":36,"column":0},"end":{"line":36,"column":11}},"36":{"start":{"line":37,"column":0},"end":{"line":37,"column":0}},"37":{"start":{"line":38,"column":0},"end":{"line":38,"column":68}},"38":{"start":{"line":39,"column":0},"end":{"line":39,"column":55}},"39":{"start":{"line":40,"column":0},"end":{"line":40,"column":119}},"40":{"start":{"line":41,"column":0},"end":{"line":41,"column":62}},"41":{"start":{"line":42,"column":0},"end":{"line":42,"column":17}},"42":{"start":{"line":43,"column":0},"end":{"line":43,"column":31}},"43":{"start":{"line":44,"column":0},"end":{"line":44,"column":0}},"44":{"start":{"line":45,"column":0},"end":{"line":45,"column":82}},"45":{"start":{"line":46,"column":0},"end":{"line":46,"column":11}},"46":{"start":{"line":47,"column":0},"end":{"line":47,"column":0}},"47":{"start":{"line":48,"column":0},"end":{"line":48,"column":64}},"48":{"start":{"line":49,"column":0},"end":{"line":49,"column":55}},"49":{"start":{"line":50,"column":0},"end":{"line":50,"column":119}},"50":{"start":{"line":51,"column":0},"end":{"line":51,"column":60}},"51":{"start":{"line":52,"column":0},"end":{"line":52,"column":17}},"52":{"start":{"line":53,"column":0},"end":{"line":53,"column":31}},"53":{"start":{"line":54,"column":0},"end":{"line":54,"column":0}},"54":{"start":{"line":55,"column":0},"end":{"line":55,"column":79}},"55":{"start":{"line":56,"column":0},"end":{"line":56,"column":11}},"56":{"start":{"line":57,"column":0},"end":{"line":57,"column":6}},"57":{"start":{"line":58,"column":0},"end":{"line":58,"column":2}}},"s":{"0":1,"1":1,"2":1,"3":1,"4":1,"5":1,"6":1,"7":1,"8":1,"9":1,"10":1,"11":1,"12":1,"13":1,"14":1,"15":1,"16":1,"17":1,"18":1,"19":1,"20":1,"21":1,"22":1,"23":1,"24":1,"25":1,"26":1,"27":1,"28":1,"29":1,"30":1,"31":1,"32":1,"33":1,"34":1,"35":1,"36":1,"37":1,"38":1,"39":1,"40":1,"41":1,"42":1,"43":1,"44":1,"45":1,"46":1,"47":1,"48":1,"49":1,"50":1,"51":1,"52":1,"53":1,"54":1,"55":1,"56":1,"57":1},"branchMap":{"0":{"type":"branch","line":16,"loc":{"start":{"line":16,"column":19},"end":{"line":58,"column":2}},"locations":[{"start":{"line":16,"column":19},"end":{"line":58,"column":2}}]},"1":{"type":"branch","line":17,"loc":{"start":{"line":17,"column":14},"end":{"line":23,"column":5}},"locations":[{"start":{"line":17,"column":14},"end":{"line":23,"column":5}}]},"2":{"type":"branch","line":25,"loc":{"start":{"line":25,"column":28},"end":{"line":57,"column":5}},"locations":[{"start":{"line":25,"column":28},"end":{"line":57,"column":5}}]},"3":{"type":"branch","line":26,"loc":{"start":{"line":26,"column":32},"end":{"line":36,"column":9}},"locations":[{"start":{"line":26,"column":32},"end":{"line":36,"column":9}}]},"4":{"type":"branch","line":28,"loc":{"start":{"line":28,"column":16},"end":{"line":30,"column":17}},"locations":[{"start":{"line":28,"column":16},"end":{"line":30,"column":17}}]},"5":{"type":"branch","line":38,"loc":{"start":{"line":38,"column":49},"end":{"line":46,"column":9}},"locations":[{"start":{"line":38,"column":49},"end":{"line":46,"column":9}}]},"6":{"type":"branch","line":40,"loc":{"start":{"line":40,"column":16},"end":{"line":42,"column":17}},"locations":[{"start":{"line":40,"column":16},"end":{"line":42,"column":17}}]},"7":{"type":"branch","line":48,"loc":{"start":{"line":48,"column":45},"end":{"line":56,"column":9}},"locations":[{"start":{"line":48,"column":45},"end":{"line":56,"column":9}}]},"8":{"type":"branch","line":50,"loc":{"start":{"line":50,"column":16},"end":{"line":52,"column":17}},"locations":[{"start":{"line":50,"column":16},"end":{"line":52,"column":17}}]}},"b":{"0":[1],"1":[1],"2":[1],"3":[1],"4":[1],"5":[1],"6":[1],"7":[1],"8":[1]},"fnMap":{"0":{"name":"post","decl":{"start":{"line":28,"column":16},"end":{"line":30,"column":17}},"loc":{"start":{"line":28,"column":16},"end":{"line":30,"column":17}},"line":28},"1":{"name":"post","decl":{"start":{"line":40,"column":16},"end":{"line":42,"column":17}},"loc":{"start":{"line":40,"column":16},"end":{"line":42,"column":17}},"line":40},"2":{"name":"post","decl":{"start":{"line":50,"column":16},"end":{"line":52,"column":17}},"loc":{"start":{"line":50,"column":16},"end":{"line":52,"column":17}},"line":50}},"f":{"0":1,"1":1,"2":1}}
,"/home/nabcellent/Desktop/Sidooh/Libraries/wavesms/tests/unit/logger/logger.test.ts": {"path":"/home/nabcellent/Desktop/Sidooh/Libraries/wavesms/tests/unit/logger/logger.test.ts","all":false,"statementMap":{"0":{"start":{"line":1,"column":0},"end":{"line":1,"column":61}},"1":{"start":{"line":2,"column":0},"end":{"line":2,"column":59}},"2":{"start":{"line":3,"column":0},"end":{"line":3,"column":48}},"3":{"start":{"line":4,"column":0},"end":{"line":4,"column":0}},"4":{"start":{"line":5,"column":0},"end":{"line":5,"column":26}},"5":{"start":{"line":6,"column":0},"end":{"line":6,"column":21}},"6":{"start":{"line":7,"column":0},"end":{"line":7,"column":27}},"7":{"start":{"line":8,"column":0},"end":{"line":8,"column":7}},"8":{"start":{"line":9,"column":0},"end":{"line":9,"column":0}},"9":{"start":{"line":10,"column":0},"end":{"line":10,"column":29}},"10":{"start":{"line":11,"column":0},"end":{"line":11,"column":32}},"11":{"start":{"line":12,"column":0},"end":{"line":12,"column":0}},"12":{"start":{"line":13,"column":0},"end":{"line":13,"column":50}},"13":{"start":{"line":14,"column":0},"end":{"line":14,"column":0}},"14":{"start":{"line":15,"column":0},"end":{"line":15,"column":48}},"15":{"start":{"line":16,"column":0},"end":{"line":16,"column":62}},"16":{"start":{"line":17,"column":0},"end":{"line":17,"column":67}},"17":{"start":{"line":18,"column":0},"end":{"line":18,"column":89}},"18":{"start":{"line":19,"column":0},"end":{"line":19,"column":0}},"19":{"start":{"line":20,"column":0},"end":{"line":20,"column":81}},"20":{"start":{"line":21,"column":0},"end":{"line":21,"column":97}},"21":{"start":{"line":22,"column":0},"end":{"line":22,"column":0}},"22":{"start":{"line":23,"column":0},"end":{"line":23,"column":48}},"23":{"start":{"line":24,"column":0},"end":{"line":24,"column":7}},"24":{"start":{"line":25,"column":0},"end":{"line":25,"column":2}}},"s":{"0":1,"1":1,"2":1,"3":1,"4":1,"5":1,"6":1,"7":1,"8":1,"9":1,"10":1,"11":1,"12":1,"13":1,"14":1,"15":1,"16":1,"17":1,"18":1,"19":1,"20":1,"21":1,"22":1,"23":1,"24":1},"branchMap":{"0":{"type":"branch","line":5,"loc":{"start":{"line":5,"column":19},"end":{"line":25,"column":2}},"locations":[{"start":{"line":5,"column":19},"end":{"line":25,"column":2}}]},"1":{"type":"branch","line":6,"loc":{"start":{"line":6,"column":14},"end":{"line":8,"column":5}},"locations":[{"start":{"line":6,"column":14},"end":{"line":8,"column":5}}]},"2":{"type":"branch","line":10,"loc":{"start":{"line":10,"column":22},"end":{"line":24,"column":5}},"locations":[{"start":{"line":10,"column":22},"end":{"line":24,"column":5}}]}},"b":{"0":[1],"1":[1],"2":[1]},"fnMap":{},"f":{}}
,"/home/nabcellent/Desktop/Sidooh/Libraries/wavesms/tests/unit/repositories/balance.test.ts": {"path":"/home/nabcellent/Desktop/Sidooh/Libraries/wavesms/tests/unit/repositories/balance.test.ts","all":false,"statementMap":{"0":{"start":{"line":1,"column":0},"end":{"line":1,"column":85}},"1":{"start":{"line":2,"column":0},"end":{"line":2,"column":60}},"2":{"start":{"line":3,"column":0},"end":{"line":3,"column":39}},"3":{"start":{"line":4,"column":0},"end":{"line":4,"column":0}},"4":{"start":{"line":5,"column":0},"end":{"line":5,"column":64}},"5":{"start":{"line":6,"column":0},"end":{"line":6,"column":0}},"6":{"start":{"line":7,"column":0},"end":{"line":7,"column":27}},"7":{"start":{"line":8,"column":0},"end":{"line":8,"column":21}},"8":{"start":{"line":9,"column":0},"end":{"line":9,"column":30}},"9":{"start":{"line":10,"column":0},"end":{"line":10,"column":29}},"10":{"start":{"line":11,"column":0},"end":{"line":11,"column":35}},"11":{"start":{"line":12,"column":0},"end":{"line":12,"column":32}},"12":{"start":{"line":13,"column":0},"end":{"line":13,"column":10}},"13":{"start":{"line":14,"column":0},"end":{"line":14,"column":32}},"14":{"start":{"line":15,"column":0},"end":{"line":15,"column":53}},"15":{"start":{"line":16,"column":0},"end":{"line":16,"column":6}},"16":{"start":{"line":17,"column":0},"end":{"line":17,"column":0}},"17":{"start":{"line":18,"column":0},"end":{"line":18,"column":21}},"18":{"start":{"line":19,"column":0},"end":{"line":19,"column":27}},"19":{"start":{"line":20,"column":0},"end":{"line":20,"column":7}},"20":{"start":{"line":21,"column":0},"end":{"line":21,"column":0}},"21":{"start":{"line":22,"column":0},"end":{"line":22,"column":28}},"22":{"start":{"line":23,"column":0},"end":{"line":23,"column":57}},"23":{"start":{"line":24,"column":0},"end":{"line":24,"column":59}},"24":{"start":{"line":25,"column":0},"end":{"line":25,"column":37}},"25":{"start":{"line":26,"column":0},"end":{"line":26,"column":34}},"26":{"start":{"line":27,"column":0},"end":{"line":27,"column":36}},"27":{"start":{"line":28,"column":0},"end":{"line":28,"column":14}},"28":{"start":{"line":29,"column":0},"end":{"line":29,"column":0}},"29":{"start":{"line":30,"column":0},"end":{"line":30,"column":45}},"30":{"start":{"line":31,"column":0},"end":{"line":31,"column":0}},"31":{"start":{"line":32,"column":0},"end":{"line":32,"column":41}},"32":{"start":{"line":33,"column":0},"end":{"line":33,"column":56}},"33":{"start":{"line":34,"column":0},"end":{"line":34,"column":52}},"34":{"start":{"line":35,"column":0},"end":{"line":35,"column":37}},"35":{"start":{"line":36,"column":0},"end":{"line":36,"column":42}},"36":{"start":{"line":37,"column":0},"end":{"line":37,"column":17}},"37":{"start":{"line":38,"column":0},"end":{"line":38,"column":14}},"38":{"start":{"line":39,"column":0},"end":{"line":39,"column":11}},"39":{"start":{"line":40,"column":0},"end":{"line":40,"column":6}},"40":{"start":{"line":41,"column":0},"end":{"line":41,"column":2}}},"s":{"0":1,"1":1,"2":1,"3":1,"4":1,"5":1,"6":1,"7":1,"8":1,"9":1,"10":1,"11":1,"12":1,"13":1,"14":1,"15":1,"16":1,"17":1,"18":1,"19":1,"20":1,"21":1,"22":1,"23":1,"24":1,"25":1,"26":1,"27":1,"28":1,"29":1,"30":1,"31":1,"32":1,"33":1,"34":1,"35":1,"36":1,"37":1,"38":1,"39":1,"40":1},"branchMap":{"0":{"type":"branch","line":7,"loc":{"start":{"line":7,"column":20},"end":{"line":41,"column":2}},"locations":[{"start":{"line":7,"column":20},"end":{"line":41,"column":2}}]},"1":{"type":"branch","line":8,"loc":{"start":{"line":8,"column":14},"end":{"line":16,"column":5}},"locations":[{"start":{"line":8,"column":14},"end":{"line":16,"column":5}}]},"2":{"type":"branch","line":18,"loc":{"start":{"line":18,"column":14},"end":{"line":20,"column":5}},"locations":[{"start":{"line":18,"column":14},"end":{"line":20,"column":5}}]},"3":{"type":"branch","line":22,"loc":{"start":{"line":22,"column":21},"end":{"line":40,"column":5}},"locations":[{"start":{"line":22,"column":21},"end":{"line":40,"column":5}}]},"4":{"type":"branch","line":23,"loc":{"start":{"line":23,"column":44},"end":{"line":39,"column":9}},"locations":[{"start":{"line":23,"column":44},"end":{"line":39,"column":9}}]}},"b":{"0":[1],"1":[1],"2":[1],"3":[1],"4":[1]},"fnMap":{},"f":{}}
,"/home/nabcellent/Desktop/Sidooh/Libraries/wavesms/tests/unit/repositories/sms.test.ts": {"path":"/home/nabcellent/Desktop/Sidooh/Libraries/wavesms/tests/unit/repositories/sms.test.ts","all":false,"statementMap":{"0":{"start":{"line":1,"column":0},"end":{"line":1,"column":85}},"1":{"start":{"line":2,"column":0},"end":{"line":2,"column":28}},"2":{"start":{"line":3,"column":0},"end":{"line":3,"column":52}},"3":{"start":{"line":4,"column":0},"end":{"line":4,"column":39}},"4":{"start":{"line":5,"column":0},"end":{"line":5,"column":71}},"5":{"start":{"line":6,"column":0},"end":{"line":6,"column":0}},"6":{"start":{"line":7,"column":0},"end":{"line":7,"column":56}},"7":{"start":{"line":8,"column":0},"end":{"line":8,"column":64}},"8":{"start":{"line":9,"column":0},"end":{"line":9,"column":0}},"9":{"start":{"line":10,"column":0},"end":{"line":10,"column":23}},"10":{"start":{"line":11,"column":0},"end":{"line":11,"column":21}},"11":{"start":{"line":12,"column":0},"end":{"line":12,"column":30}},"12":{"start":{"line":13,"column":0},"end":{"line":13,"column":29}},"13":{"start":{"line":14,"column":0},"end":{"line":14,"column":35}},"14":{"start":{"line":15,"column":0},"end":{"line":15,"column":32}},"15":{"start":{"line":16,"column":0},"end":{"line":16,"column":10}},"16":{"start":{"line":17,"column":0},"end":{"line":17,"column":24}},"17":{"start":{"line":18,"column":0},"end":{"line":18,"column":53}},"18":{"start":{"line":19,"column":0},"end":{"line":19,"column":6}},"19":{"start":{"line":20,"column":0},"end":{"line":20,"column":0}},"20":{"start":{"line":21,"column":0},"end":{"line":21,"column":21}},"21":{"start":{"line":22,"column":0},"end":{"line":22,"column":29}},"22":{"start":{"line":23,"column":0},"end":{"line":23,"column":0}},"23":{"start":{"line":24,"column":0},"end":{"line":24,"column":30}},"24":{"start":{"line":25,"column":0},"end":{"line":25,"column":29}},"25":{"start":{"line":26,"column":0},"end":{"line":26,"column":35}},"26":{"start":{"line":27,"column":0},"end":{"line":27,"column":32}},"27":{"start":{"line":28,"column":0},"end":{"line":28,"column":10}},"28":{"start":{"line":29,"column":0},"end":{"line":29,"column":24}},"29":{"start":{"line":30,"column":0},"end":{"line":30,"column":53}},"30":{"start":{"line":31,"column":0},"end":{"line":31,"column":7}},"31":{"start":{"line":32,"column":0},"end":{"line":32,"column":0}},"32":{"start":{"line":33,"column":0},"end":{"line":33,"column":28}},"33":{"start":{"line":34,"column":0},"end":{"line":34,"column":57}},"34":{"start":{"line":35,"column":0},"end":{"line":35,"column":97}},"35":{"start":{"line":36,"column":0},"end":{"line":36,"column":0}},"36":{"start":{"line":37,"column":0},"end":{"line":37,"column":102}},"37":{"start":{"line":38,"column":0},"end":{"line":38,"column":144}},"38":{"start":{"line":39,"column":0},"end":{"line":39,"column":136}},"39":{"start":{"line":40,"column":0},"end":{"line":40,"column":11}},"40":{"start":{"line":41,"column":0},"end":{"line":41,"column":0}},"41":{"start":{"line":42,"column":0},"end":{"line":42,"column":50}},"42":{"start":{"line":43,"column":0},"end":{"line":43,"column":82}},"43":{"start":{"line":44,"column":0},"end":{"line":44,"column":105}},"44":{"start":{"line":45,"column":0},"end":{"line":45,"column":11}},"45":{"start":{"line":46,"column":0},"end":{"line":46,"column":0}},"46":{"start":{"line":47,"column":0},"end":{"line":47,"column":74}},"47":{"start":{"line":48,"column":0},"end":{"line":48,"column":97}},"48":{"start":{"line":49,"column":0},"end":{"line":49,"column":78}},"49":{"start":{"line":50,"column":0},"end":{"line":50,"column":11}},"50":{"start":{"line":51,"column":0},"end":{"line":51,"column":0}},"51":{"start":{"line":52,"column":0},"end":{"line":52,"column":61}},"52":{"start":{"line":53,"column":0},"end":{"line":53,"column":59}},"53":{"start":{"line":54,"column":0},"end":{"line":54,"column":29}},"54":{"start":{"line":55,"column":0},"end":{"line":55,"column":41}},"55":{"start":{"line":56,"column":0},"end":{"line":56,"column":54}},"56":{"start":{"line":57,"column":0},"end":{"line":57,"column":45}},"57":{"start":{"line":58,"column":0},"end":{"line":58,"column":42}},"58":{"start":{"line":59,"column":0},"end":{"line":59,"column":42}},"59":{"start":{"line":60,"column":0},"end":{"line":60,"column":36}},"60":{"start":{"line":61,"column":0},"end":{"line":61,"column":19}},"61":{"start":{"line":62,"column":0},"end":{"line":62,"column":14}},"62":{"start":{"line":63,"column":0},"end":{"line":63,"column":0}},"63":{"start":{"line":64,"column":0},"end":{"line":64,"column":76}},"64":{"start":{"line":65,"column":0},"end":{"line":65,"column":0}},"65":{"start":{"line":66,"column":0},"end":{"line":66,"column":40}},"66":{"start":{"line":67,"column":0},"end":{"line":67,"column":26}},"67":{"start":{"line":68,"column":0},"end":{"line":68,"column":39}},"68":{"start":{"line":69,"column":0},"end":{"line":69,"column":37}},"69":{"start":{"line":70,"column":0},"end":{"line":70,"column":38}},"70":{"start":{"line":71,"column":0},"end":{"line":71,"column":32}},"71":{"start":{"line":72,"column":0},"end":{"line":72,"column":38}},"72":{"start":{"line":73,"column":0},"end":{"line":73,"column":15}},"73":{"start":{"line":74,"column":0},"end":{"line":74,"column":56}},"74":{"start":{"line":75,"column":0},"end":{"line":75,"column":50}},"75":{"start":{"line":76,"column":0},"end":{"line":76,"column":29}},"76":{"start":{"line":77,"column":0},"end":{"line":77,"column":31}},"77":{"start":{"line":78,"column":0},"end":{"line":78,"column":41}},"78":{"start":{"line":79,"column":0},"end":{"line":79,"column":47}},"79":{"start":{"line":80,"column":0},"end":{"line":80,"column":43}},"80":{"start":{"line":81,"column":0},"end":{"line":81,"column":39}},"81":{"start":{"line":82,"column":0},"end":{"line":82,"column":43}},"82":{"start":{"line":83,"column":0},"end":{"line":83,"column":48}},"83":{"start":{"line":84,"column":0},"end":{"line":84,"column":46}},"84":{"start":{"line":85,"column":0},"end":{"line":85,"column":22}},"85":{"start":{"line":86,"column":0},"end":{"line":86,"column":17}},"86":{"start":{"line":87,"column":0},"end":{"line":87,"column":14}},"87":{"start":{"line":88,"column":0},"end":{"line":88,"column":11}},"88":{"start":{"line":89,"column":0},"end":{"line":89,"column":0}},"89":{"start":{"line":90,"column":0},"end":{"line":90,"column":73}},"90":{"start":{"line":91,"column":0},"end":{"line":91,"column":59}},"91":{"start":{"line":92,"column":0},"end":{"line":92,"column":29}},"92":{"start":{"line":93,"column":0},"end":{"line":93,"column":41}},"93":{"start":{"line":94,"column":0},"end":{"line":94,"column":54}},"94":{"start":{"line":95,"column":0},"end":{"line":95,"column":45}},"95":{"start":{"line":96,"column":0},"end":{"line":96,"column":42}},"96":{"start":{"line":97,"column":0},"end":{"line":97,"column":42}},"97":{"start":{"line":98,"column":0},"end":{"line":98,"column":36}},"98":{"start":{"line":99,"column":0},"end":{"line":99,"column":19}},"99":{"start":{"line":100,"column":0},"end":{"line":100,"column":14}},"100":{"start":{"line":101,"column":0},"end":{"line":101,"column":0}},"101":{"start":{"line":102,"column":0},"end":{"line":102,"column":49}},"102":{"start":{"line":103,"column":0},"end":{"line":103,"column":0}},"103":{"start":{"line":104,"column":0},"end":{"line":104,"column":84}},"104":{"start":{"line":105,"column":0},"end":{"line":105,"column":0}},"105":{"start":{"line":106,"column":0},"end":{"line":106,"column":40}},"106":{"start":{"line":107,"column":0},"end":{"line":107,"column":26}},"107":{"start":{"line":108,"column":0},"end":{"line":108,"column":39}},"108":{"start":{"line":109,"column":0},"end":{"line":109,"column":37}},"109":{"start":{"line":110,"column":0},"end":{"line":110,"column":38}},"110":{"start":{"line":111,"column":0},"end":{"line":111,"column":32}},"111":{"start":{"line":112,"column":0},"end":{"line":112,"column":38}},"112":{"start":{"line":113,"column":0},"end":{"line":113,"column":15}},"113":{"start":{"line":114,"column":0},"end":{"line":114,"column":48}},"114":{"start":{"line":115,"column":0},"end":{"line":115,"column":29}},"115":{"start":{"line":116,"column":0},"end":{"line":116,"column":41}},"116":{"start":{"line":117,"column":0},"end":{"line":117,"column":54}},"117":{"start":{"line":118,"column":0},"end":{"line":118,"column":40}},"118":{"start":{"line":119,"column":0},"end":{"line":119,"column":40}},"119":{"start":{"line":120,"column":0},"end":{"line":120,"column":35}},"120":{"start":{"line":121,"column":0},"end":{"line":121,"column":42}},"121":{"start":{"line":122,"column":0},"end":{"line":122,"column":18}},"122":{"start":{"line":123,"column":0},"end":{"line":123,"column":14}},"123":{"start":{"line":124,"column":0},"end":{"line":124,"column":56}},"124":{"start":{"line":125,"column":0},"end":{"line":125,"column":50}},"125":{"start":{"line":126,"column":0},"end":{"line":126,"column":29}},"126":{"start":{"line":127,"column":0},"end":{"line":127,"column":31}},"127":{"start":{"line":128,"column":0},"end":{"line":128,"column":41}},"128":{"start":{"line":129,"column":0},"end":{"line":129,"column":47}},"129":{"start":{"line":130,"column":0},"end":{"line":130,"column":43}},"130":{"start":{"line":131,"column":0},"end":{"line":131,"column":39}},"131":{"start":{"line":132,"column":0},"end":{"line":132,"column":43}},"132":{"start":{"line":133,"column":0},"end":{"line":133,"column":48}},"133":{"start":{"line":134,"column":0},"end":{"line":134,"column":46}},"134":{"start":{"line":135,"column":0},"end":{"line":135,"column":51}},"135":{"start":{"line":136,"column":0},"end":{"line":136,"column":22}},"136":{"start":{"line":137,"column":0},"end":{"line":137,"column":17}},"137":{"start":{"line":138,"column":0},"end":{"line":138,"column":14}},"138":{"start":{"line":139,"column":0},"end":{"line":139,"column":11}},"139":{"start":{"line":140,"column":0},"end":{"line":140,"column":6}},"140":{"start":{"line":141,"column":0},"end":{"line":141,"column":2}}},"s":{"0":1,"1":1,"2":1,"3":1,"4":1,"5":1,"6":1,"7":1,"8":1,"9":1,"10":1,"11":1,"12":1,"13":1,"14":1,"15":1,"16":1,"17":1,"18":1,"19":1,"20":1,"21":5,"22":5,"23":5,"24":5,"25":5,"26":5,"27":5,"28":5,"29":5,"30":1,"31":1,"32":1,"33":1,"34":1,"35":1,"36":1,"37":1,"38":1,"39":1,"40":1,"41":1,"42":1,"43":1,"44":1,"45":1,"46":1,"47":1,"48":1,"49":1,"50":1,"51":1,"52":1,"53":1,"54":1,"55":1,"56":1,"57":1,"58":1,"59":1,"60":1,"61":1,"62":1,"63":1,"64":1,"65":1,"66":1,"67":1,"68":1,"69":1,"70":1,"71":1,"72":1,"73":1,"74":1,"75":1,"76":1,"77":1,"78":1,"79":1,"80":1,"81":1,"82":1,"83":1,"84":1,"85":1,"86":1,"87":1,"88":1,"89":1,"90":1,"91":1,"92":1,"93":1,"94":1,"95":1,"96":1,"97":1,"98":1,"99":1,"100":1,"101":1,"102":1,"103":1,"104":1,"105":1,"106":1,"107":1,"108":1,"109":1,"110":1,"111":1,"112":1,"113":1,"114":1,"115":1,"116":1,"117":1,"118":1,"119":1,"120":1,"121":1,"122":1,"123":1,"124":1,"125":1,"126":1,"127":1,"128":1,"129":1,"130":1,"131":1,"132":1,"133":1,"134":1,"135":1,"136":1,"137":1,"138":1,"139":1,"140":1},"branchMap":{"0":{"type":"branch","line":10,"loc":{"start":{"line":10,"column":16},"end":{"line":141,"column":2}},"locations":[{"start":{"line":10,"column":16},"end":{"line":141,"column":2}}]},"1":{"type":"branch","line":11,"loc":{"start":{"line":11,"column":14},"end":{"line":19,"column":5}},"locations":[{"start":{"line":11,"column":14},"end":{"line":19,"column":5}}]},"2":{"type":"branch","line":21,"loc":{"start":{"line":21,"column":14},"end":{"line":31,"column":5}},"locations":[{"start":{"line":21,"column":14},"end":{"line":31,"column":5}}]},"3":{"type":"branch","line":33,"loc":{"start":{"line":33,"column":21},"end":{"line":140,"column":5}},"locations":[{"start":{"line":33,"column":21},"end":{"line":140,"column":5}}]},"4":{"type":"branch","line":34,"loc":{"start":{"line":34,"column":50},"end":{"line":40,"column":9}},"locations":[{"start":{"line":34,"column":50},"end":{"line":40,"column":9}}]},"5":{"type":"branch","line":37,"loc":{"start":{"line":37,"column":19},"end":{"line":37,"column":56}},"locations":[{"start":{"line":37,"column":19},"end":{"line":37,"column":56}}]},"6":{"type":"branch","line":38,"loc":{"start":{"line":38,"column":19},"end":{"line":38,"column":73}},"locations":[{"start":{"line":38,"column":19},"end":{"line":38,"column":73}}]},"7":{"type":"branch","line":39,"loc":{"start":{"line":39,"column":19},"end":{"line":39,"column":73}},"locations":[{"start":{"line":39,"column":19},"end":{"line":39,"column":73}}]},"8":{"type":"branch","line":42,"loc":{"start":{"line":42,"column":43},"end":{"line":45,"column":9}},"locations":[{"start":{"line":42,"column":43},"end":{"line":45,"column":9}}]},"9":{"type":"branch","line":43,"loc":{"start":{"line":43,"column":19},"end":{"line":43,"column":50}},"locations":[{"start":{"line":43,"column":19},"end":{"line":43,"column":50}}]},"10":{"type":"branch","line":44,"loc":{"start":{"line":44,"column":19},"end":{"line":44,"column":59}},"locations":[{"start":{"line":44,"column":19},"end":{"line":44,"column":59}}]},"11":{"type":"branch","line":47,"loc":{"start":{"line":47,"column":61},"end":{"line":50,"column":9}},"locations":[{"start":{"line":47,"column":61},"end":{"line":50,"column":9}}]},"12":{"type":"branch","line":48,"loc":{"start":{"line":48,"column":19},"end":{"line":48,"column":96}},"locations":[{"start":{"line":48,"column":19},"end":{"line":48,"column":96}}]},"13":{"type":"branch","line":52,"loc":{"start":{"line":52,"column":48},"end":{"line":88,"column":9}},"locations":[{"start":{"line":52,"column":48},"end":{"line":88,"column":9}}]},"14":{"type":"branch","line":90,"loc":{"start":{"line":90,"column":60},"end":{"line":139,"column":9}},"locations":[{"start":{"line":90,"column":60},"end":{"line":139,"column":9}}]}},"b":{"0":[1],"1":[1],"2":[5],"3":[1],"4":[1],"5":[1],"6":[1],"7":[1],"8":[1],"9":[1],"10":[1],"11":[1],"12":[1],"13":[1],"14":[1]},"fnMap":{},"f":{}}
}
